{"D:\\Learning-Nodejs\\node-firestore\\src\\index.ts": {"path":"D:\\Learning-Nodejs\\node-firestore\\src\\index.ts","statementMap":{"0":{"start":{"line":1,"column":0},"end":{"line":1,"column":78}},"1":{"start":{"line":2,"column":0},"end":{"line":2,"column":null}},"2":{"start":{"line":37,"column":4},"end":{"line":39,"column":null}},"3":{"start":{"line":38,"column":6},"end":{"line":38,"column":45}},"4":{"start":{"line":41,"column":4},"end":{"line":41,"column":66}},"5":{"start":{"line":42,"column":4},"end":{"line":44,"column":7}},"6":{"start":{"line":45,"column":4},"end":{"line":45,"column":37}},"7":{"start":{"line":70,"column":4},"end":{"line":74,"column":null}},"8":{"start":{"line":71,"column":6},"end":{"line":73,"column":8}},"9":{"start":{"line":77,"column":6},"end":{"line":77,"column":78}},"10":{"start":{"line":80,"column":6},"end":{"line":80,"column":72}},"11":{"start":{"line":82,"column":24},"end":{"line":82,"column":66}},"12":{"start":{"line":84,"column":4},"end":{"line":95,"column":null}},"13":{"start":{"line":85,"column":22},"end":{"line":85,"column":62}},"14":{"start":{"line":86,"column":6},"end":{"line":86,"column":33}},"15":{"start":{"line":88,"column":6},"end":{"line":88,"column":18}},"16":{"start":{"line":90,"column":6},"end":{"line":92,"column":8}},"17":{"start":{"line":94,"column":6},"end":{"line":94,"column":19}},"18":{"start":{"line":119,"column":6},"end":{"line":119,"column":78}},"19":{"start":{"line":122,"column":6},"end":{"line":122,"column":72}},"20":{"start":{"line":124,"column":4},"end":{"line":135,"column":null}},"21":{"start":{"line":125,"column":22},"end":{"line":125,"column":62}},"22":{"start":{"line":126,"column":18},"end":{"line":126,"column":37}},"23":{"start":{"line":127,"column":6},"end":{"line":131,"column":null}},"24":{"start":{"line":128,"column":8},"end":{"line":128,"column":21}},"25":{"start":{"line":130,"column":8},"end":{"line":130,"column":26}},"26":{"start":{"line":133,"column":6},"end":{"line":133,"column":27}},"27":{"start":{"line":134,"column":6},"end":{"line":134,"column":19}},"28":{"start":{"line":160,"column":6},"end":{"line":160,"column":78}},"29":{"start":{"line":163,"column":6},"end":{"line":163,"column":72}},"30":{"start":{"line":165,"column":4},"end":{"line":171,"column":null}},"31":{"start":{"line":166,"column":6},"end":{"line":166,"column":62}},"32":{"start":{"line":167,"column":6},"end":{"line":167,"column":18}},"33":{"start":{"line":169,"column":6},"end":{"line":169,"column":27}},"34":{"start":{"line":170,"column":6},"end":{"line":170,"column":19}},"35":{"start":{"line":175,"column":21},"end":{"line":175,"column":38}},"36":{"start":{"line":177,"column":22},"end":{"line":177,"column":35}},"37":{"start":{"line":178,"column":4},"end":{"line":180,"column":null}},"38":{"start":{"line":179,"column":6},"end":{"line":179,"column":18}},"39":{"start":{"line":183,"column":18},"end":{"line":183,"column":33}},"40":{"start":{"line":184,"column":4},"end":{"line":186,"column":7}},"41":{"start":{"line":185,"column":6},"end":{"line":185,"column":28}},"42":{"start":{"line":187,"column":4},"end":{"line":187,"column":25}},"43":{"start":{"line":189,"column":4},"end":{"line":191,"column":7}},"44":{"start":{"line":190,"column":6},"end":{"line":190,"column":32}},"45":{"start":{"line":214,"column":6},"end":{"line":214,"column":78}},"46":{"start":{"line":216,"column":18},"end":{"line":216,"column":75}},"47":{"start":{"line":218,"column":4},"end":{"line":227,"column":null}},"48":{"start":{"line":219,"column":28},"end":{"line":219,"column":61}},"49":{"start":{"line":220,"column":20},"end":{"line":220,"column":72}},"50":{"start":{"line":222,"column":6},"end":{"line":222,"column":38}},"51":{"start":{"line":223,"column":6},"end":{"line":223,"column":18}},"52":{"start":{"line":225,"column":6},"end":{"line":225,"column":27}},"53":{"start":{"line":226,"column":6},"end":{"line":226,"column":19}},"54":{"start":{"line":16,"column":0},"end":{"line":16,"column":13}}},"fnMap":{"0":{"name":"(anonymous_0)","decl":{"start":{"line":36,"column":2},"end":{"line":36,"column":14}},"loc":{"start":{"line":36,"column":32},"end":{"line":46,"column":3}}},"1":{"name":"(anonymous_1)","decl":{"start":{"line":65,"column":2},"end":{"line":65,"column":7}},"loc":{"start":{"line":68,"column":18},"end":{"line":96,"column":3}}},"2":{"name":"(anonymous_2)","decl":{"start":{"line":114,"column":2},"end":{"line":114,"column":7}},"loc":{"start":{"line":116,"column":28},"end":{"line":136,"column":3}}},"3":{"name":"(anonymous_3)","decl":{"start":{"line":155,"column":2},"end":{"line":155,"column":7}},"loc":{"start":{"line":157,"column":28},"end":{"line":172,"column":3}}},"4":{"name":"(anonymous_4)","decl":{"start":{"line":174,"column":10},"end":{"line":174,"column":15}},"loc":{"start":{"line":174,"column":42},"end":{"line":192,"column":3}}},"5":{"name":"(anonymous_5)","decl":{"start":{"line":184,"column":26},"end":{"line":184,"column":27}},"loc":{"start":{"line":184,"column":34},"end":{"line":186,"column":5}}},"6":{"name":"(anonymous_6)","decl":{"start":{"line":189,"column":21},"end":{"line":189,"column":24}},"loc":{"start":{"line":189,"column":26},"end":{"line":191,"column":5}}},"7":{"name":"(anonymous_7)","decl":{"start":{"line":209,"column":2},"end":{"line":209,"column":7}},"loc":{"start":{"line":211,"column":29},"end":{"line":228,"column":3}}}},"branchMap":{"0":{"loc":{"start":{"line":37,"column":4},"end":{"line":39,"column":null}},"type":"if","locations":[{"start":{"line":37,"column":4},"end":{"line":39,"column":null}}]},"1":{"loc":{"start":{"line":41,"column":18},"end":{"line":41,"column":65}},"type":"cond-expr","locations":[{"start":{"line":41,"column":48},"end":{"line":41,"column":56}},{"start":{"line":41,"column":59},"end":{"line":41,"column":65}}]},"2":{"loc":{"start":{"line":70,"column":4},"end":{"line":74,"column":null}},"type":"if","locations":[{"start":{"line":70,"column":4},"end":{"line":74,"column":null}}]},"3":{"loc":{"start":{"line":70,"column":8},"end":{"line":70,"column":49}},"type":"binary-expr","locations":[{"start":{"line":70,"column":8},"end":{"line":70,"column":23}},{"start":{"line":70,"column":27},"end":{"line":70,"column":40}},{"start":{"line":70,"column":44},"end":{"line":70,"column":49}}]},"4":{"loc":{"start":{"line":77,"column":6},"end":{"line":77,"column":78}},"type":"cond-expr","locations":[{"start":{"line":77,"column":45},"end":{"line":77,"column":61}},{"start":{"line":77,"column":64},"end":{"line":77,"column":78}}]},"5":{"loc":{"start":{"line":80,"column":6},"end":{"line":80,"column":72}},"type":"cond-expr","locations":[{"start":{"line":80,"column":43},"end":{"line":80,"column":57}},{"start":{"line":80,"column":60},"end":{"line":80,"column":72}}]},"6":{"loc":{"start":{"line":82,"column":24},"end":{"line":82,"column":66}},"type":"cond-expr","locations":[{"start":{"line":82,"column":53},"end":{"line":82,"column":59}},{"start":{"line":82,"column":62},"end":{"line":82,"column":66}}]},"7":{"loc":{"start":{"line":119,"column":6},"end":{"line":119,"column":78}},"type":"cond-expr","locations":[{"start":{"line":119,"column":45},"end":{"line":119,"column":61}},{"start":{"line":119,"column":64},"end":{"line":119,"column":78}}]},"8":{"loc":{"start":{"line":122,"column":6},"end":{"line":122,"column":72}},"type":"cond-expr","locations":[{"start":{"line":122,"column":43},"end":{"line":122,"column":57}},{"start":{"line":122,"column":60},"end":{"line":122,"column":72}}]},"9":{"loc":{"start":{"line":127,"column":6},"end":{"line":131,"column":null}},"type":"if","locations":[{"start":{"line":127,"column":6},"end":{"line":131,"column":null}},{"start":{"line":129,"column":13},"end":{"line":131,"column":null}}]},"10":{"loc":{"start":{"line":160,"column":6},"end":{"line":160,"column":78}},"type":"cond-expr","locations":[{"start":{"line":160,"column":45},"end":{"line":160,"column":61}},{"start":{"line":160,"column":64},"end":{"line":160,"column":78}}]},"11":{"loc":{"start":{"line":163,"column":6},"end":{"line":163,"column":72}},"type":"cond-expr","locations":[{"start":{"line":163,"column":43},"end":{"line":163,"column":57}},{"start":{"line":163,"column":60},"end":{"line":163,"column":72}}]},"12":{"loc":{"start":{"line":178,"column":4},"end":{"line":180,"column":null}},"type":"if","locations":[{"start":{"line":178,"column":4},"end":{"line":180,"column":null}}]},"13":{"loc":{"start":{"line":211,"column":4},"end":{"line":211,"column":29}},"type":"default-arg","locations":[{"start":{"line":211,"column":28},"end":{"line":211,"column":29}}]},"14":{"loc":{"start":{"line":214,"column":6},"end":{"line":214,"column":78}},"type":"cond-expr","locations":[{"start":{"line":214,"column":45},"end":{"line":214,"column":61}},{"start":{"line":214,"column":64},"end":{"line":214,"column":78}}]},"15":{"loc":{"start":{"line":216,"column":18},"end":{"line":216,"column":75}},"type":"cond-expr","locations":[{"start":{"line":216,"column":52},"end":{"line":216,"column":63}},{"start":{"line":216,"column":66},"end":{"line":216,"column":75}}]}},"s":{"0":1,"1":1,"2":1,"3":0,"4":1,"5":1,"6":1,"7":1,"8":0,"9":1,"10":1,"11":1,"12":1,"13":1,"14":1,"15":1,"16":0,"17":0,"18":1,"19":1,"20":1,"21":1,"22":1,"23":1,"24":0,"25":1,"26":0,"27":0,"28":1,"29":1,"30":1,"31":1,"32":1,"33":0,"34":0,"35":1,"36":1,"37":1,"38":1,"39":0,"40":0,"41":0,"42":0,"43":0,"44":0,"45":1,"46":1,"47":1,"48":1,"49":1,"50":1,"51":1,"52":0,"53":0,"54":1},"f":{"0":1,"1":1,"2":1,"3":1,"4":1,"5":0,"6":0,"7":1},"b":{"0":[0],"1":[0,1],"2":[0],"3":[1,1,1],"4":[0,1],"5":[0,1],"6":[0,1],"7":[0,1],"8":[0,1],"9":[0,1],"10":[0,1],"11":[0,1],"12":[1],"13":[1],"14":[0,1],"15":[0,1]}}
}
