TN:
SF:src\index.ts
FN:36,(anonymous_0)
FN:65,(anonymous_1)
FN:114,(anonymous_2)
FN:155,(anonymous_3)
FN:174,(anonymous_4)
FN:184,(anonymous_5)
FN:189,(anonymous_6)
FN:209,(anonymous_7)
FNF:8
FNH:6
FNDA:1,(anonymous_0)
FNDA:1,(anonymous_1)
FNDA:1,(anonymous_2)
FNDA:1,(anonymous_3)
FNDA:1,(anonymous_4)
FNDA:0,(anonymous_5)
FNDA:0,(anonymous_6)
FNDA:1,(anonymous_7)
DA:1,1
DA:2,1
DA:16,1
DA:37,1
DA:38,0
DA:41,1
DA:42,1
DA:45,1
DA:70,1
DA:71,0
DA:77,1
DA:80,1
DA:82,1
DA:84,1
DA:85,1
DA:86,1
DA:88,1
DA:90,0
DA:94,0
DA:119,1
DA:122,1
DA:124,1
DA:125,1
DA:126,1
DA:127,1
DA:128,0
DA:130,1
DA:133,0
DA:134,0
DA:160,1
DA:163,1
DA:165,1
DA:166,1
DA:167,1
DA:169,0
DA:170,0
DA:175,1
DA:177,1
DA:178,1
DA:179,1
DA:183,0
DA:184,0
DA:185,0
DA:187,0
DA:189,0
DA:190,0
DA:214,1
DA:216,1
DA:218,1
DA:219,1
DA:220,1
DA:222,1
DA:223,1
DA:225,0
DA:226,0
LF:55
LH:38
BRDA:37,0,0,0
BRDA:41,1,0,0
BRDA:41,1,1,1
BRDA:70,2,0,0
BRDA:70,3,0,1
BRDA:70,3,1,1
BRDA:70,3,2,1
BRDA:77,4,0,0
BRDA:77,4,1,1
BRDA:80,5,0,0
BRDA:80,5,1,1
BRDA:82,6,0,0
BRDA:82,6,1,1
BRDA:119,7,0,0
BRDA:119,7,1,1
BRDA:122,8,0,0
BRDA:122,8,1,1
BRDA:127,9,0,0
BRDA:127,9,1,1
BRDA:160,10,0,0
BRDA:160,10,1,1
BRDA:163,11,0,0
BRDA:163,11,1,1
BRDA:178,12,0,1
BRDA:211,13,0,1
BRDA:214,14,0,0
BRDA:214,14,1,1
BRDA:216,15,0,0
BRDA:216,15,1,1
BRF:29
BRH:16
end_of_record
